<?xml version="1.0" encoding="UTF-8"?>
<!-- Generated by org.testng.reporters.JUnitReportReporter -->
<testsuite hostname="archana-ubuntu" failures="0" tests="3" name="testCases.CartPageTest" time="21.212" errors="0" timestamp="2024-05-24T19:32:52 IST" skipped="0">
  <testcase classname="testCases.CartPageTest" name="goToCart" time="8.795"/>
  <system-out/>
  <testcase classname="testCases.CartPageTest" name="validateDeleteItem" time="9.662"/>
  <system-out/>
  <testcase classname="testCases.CartPageTest" name="valiadteTotalProductPrice" time="2.755"/>
  <system-out/>
</testsuite> <!-- testCases.CartPageTest -->
