<?xml version="1.0" encoding="UTF-8"?>
<!-- Generated by org.testng.reporters.JUnitReportReporter -->
<testsuite hostname="archana-ubuntu" failures="0" tests="2" name="testCases.HomePageTest" time="8.710" errors="0" timestamp="2024-05-24T19:32:52 IST" skipped="0">
  <testcase classname="testCases.HomePageTest" name="verifyLogo" time="3.576"/>
  <system-out/>
  <testcase classname="testCases.HomePageTest" name="verifyTitle" time="5.134"/>
  <system-out/>
</testsuite> <!-- testCases.HomePageTest -->
