<?xml version="1.0" encoding="UTF-8"?>
<!-- Generated by org.testng.reporters.JUnitReportReporter -->
<testsuite hostname="archana-ubuntu" failures="0" tests="3" name="testCases.LoginPageTest" time="42.408" errors="0" timestamp="2024-05-24T19:32:52 IST" skipped="0">
  <testcase classname="testCases.LoginPageTest" name="loginTest" time="18.598"/>
  <system-out/>
  <testcase classname="testCases.LoginPageTest" name="loginTest" time="11.410"/>
  <system-out/>
  <testcase classname="testCases.LoginPageTest" name="loginTest" time="12.400"/>
  <system-out/>
</testsuite> <!-- testCases.LoginPageTest -->
