<?xml version="1.0" encoding="UTF-8"?>
<!-- Generated by org.testng.reporters.JUnitReportReporter -->
<testsuite hostname="archana-ubuntu" failures="0" tests="3" name="testCases.PRoductInfoPageTest" time="78.031" errors="0" timestamp="2024-05-24T19:32:52 IST" skipped="0">
  <testcase classname="testCases.PRoductInfoPageTest" name="selectPhone" time="28.194"/>
  <system-out/>
  <testcase classname="testCases.PRoductInfoPageTest" name="selectLappy" time="26.986"/>
  <system-out/>
  <testcase classname="testCases.PRoductInfoPageTest" name="selectMonitor" time="22.851"/>
  <system-out/>
</testsuite> <!-- testCases.PRoductInfoPageTest -->
