<?xml version="1.0" encoding="UTF-8"?>
<!-- Generated by org.testng.reporters.JUnitReportReporter -->
<testsuite hostname="archana-ubuntu" failures="0" tests="1" name="testCases.SignUpPageTest" time="25.820" errors="0" timestamp="2024-05-24T19:32:52 IST" skipped="0">
  <testcase classname="testCases.SignUpPageTest" name="registerUser" time="25.820"/>
  <system-out/>
</testsuite> <!-- testCases.SignUpPageTest -->
